\BOOKMARK [1][-]{section.1}{\376\377\127\372\126\340\176\304\122\006\147\220}{}% 1
\BOOKMARK [2][-]{subsection.1.1}{\376\377\140\073\176\323\003\262\134\136\121\240\162\266\165\305\153\322\124\214\000S\000A\000R\000S\000-\000C\000o\000V\000-\0002\377\010\0002\0000\0001\0009\000-\000n\000C\000o\000V\377\011\166\204\116\073\211\201\162\171\160\271}{section.1}% 2
\BOOKMARK [2][-]{subsection.1.2}{\376\377\177\026\121\231\136\166\217\320\210\114\000e\000x\000a\000m\000p\000l\000e\0004\000-\0001\000.\000p\000l}{section.1}% 3
\BOOKMARK [2][-]{subsection.1.3}{\376\377\000S\000A\000R\000S\000-\000C\000o\000V\000-\0002\166\204\127\372\126\340\176\304\136\217\122\027}{section.1}% 4
\BOOKMARK [2][-]{subsection.1.4}{\376\377\000S\000A\000R\000S\000-\000C\000o\000V\000-\0002\157\134\127\050\177\026\170\001\136\217\122\027\166\204\230\204\155\113}{section.1}% 5
\BOOKMARK [2][-]{subsection.1.5}{\376\377\123\321\163\260\116\016\000S\000A\000R\000S\000-\000C\000o\000V\000-\0002\124\014\156\220\166\204\121\240\162\266\165\305\153\322}{section.1}% 6
\BOOKMARK [2][-]{subsection.1.6}{\376\377\143\322\121\145\162\107\153\265\122\006\147\220}{section.1}% 7
\BOOKMARK [1][-]{section.2}{\376\377\136\217\122\027\122\006\147\220}{}% 8
\BOOKMARK [2][-]{subsection.2.1}{\376\377\000I\000N\000S\0001\0003\0007\0008\116\016\000p\000S\000h\000u\000t\000t\000l\000e\000-\000S\000N\217\175\117\123\166\204\166\370\117\074\140\047}{section.2}% 9
\BOOKMARK [2][-]{subsection.2.2}{\376\377\000S\000A\000R\000S\000-\000C\000o\000V\000-\0002\166\204\206\313\166\175\215\050\136\217\122\027}{section.2}% 10
\BOOKMARK [2][-]{subsection.2.3}{\376\377\173\111\165\065\160\271\116\016\122\006\133\120\221\317\122\006\147\220}{section.2}% 11
\BOOKMARK [2][-]{subsection.2.4}{\376\377\122\237\200\375\176\323\147\204\127\337\122\006\147\220}{section.2}% 12
\BOOKMARK [2][-]{subsection.2.5}{\376\377\176\306\200\336\116\232\133\232\117\115\122\006\147\220}{section.2}% 13
\BOOKMARK [1][-]{section.3}{\376\377\217\333\123\026\122\006\147\220}{}% 14
\BOOKMARK [2][-]{subsection.3.1}{\376\377\203\267\137\227\000B\000e\000t\000a\134\136\121\240\162\266\165\305\153\322\124\014\156\220\127\372\126\340\176\304\136\217}{section.3}% 15
\BOOKMARK [2][-]{subsection.3.2}{\376\377\131\032\136\217\122\027\153\324\133\371}{section.3}% 16
\BOOKMARK [2][-]{subsection.3.3}{\376\377\122\006\133\120\217\333\123\026\150\021\147\204\136\372}{section.3}% 17
\BOOKMARK [1][-]{section.4}{\376\377\000S\000p\000i\000k\000e\206\313\166\175\122\006\147\220}{}% 18
\BOOKMARK [2][-]{subsection.4.1}{\376\377\000S\000A\000R\000S\000-\000C\000o\000V\000-\0002\166\204\000S\000p\000i\000k\000e\166\204\124\014\156\220\206\313\166\175\215\050\122\006\147\220}{section.4}% 19
\BOOKMARK [2][-]{subsection.4.2}{\376\377\000S\000p\000i\000k\000e\206\313\166\175\215\050\166\204\122\006\133\120\217\333\123\026}{section.4}% 20
\BOOKMARK [2][-]{subsection.4.3}{\376\377\000S\000p\000i\000k\000e\206\313\166\175\215\050\166\204\000F\000u\000r\000i\000n\122\007\122\162\117\115\160\271\230\204\155\113}{section.4}% 21
